"E:/UE_Projects/ShiftGamesDerby/Content/-Derby/Meshes/SM_building_bridge.uasset" 0
"../../../Engine/Content/EngineMaterials/BlendFunc_DefBase.uasset" 1
"../../../Engine/Content/EngineMaterials/BlendFunc_DefBlend.uasset" 2
"E:/UE_Projects/ShiftGamesDerby/Content/-Derby/Materials/MI_wooden_board_A_Inst.uasset" 3
"../../../Engine/Content/EditorBlueprintResources/StandardMacros.uasset" 4
"E:/UE_Projects/ShiftGamesDerby/Content/-Derby/Materials/MI_building_02_C_Inst.uasset" 5
"E:/UE_Projects/ShiftGamesDerby/Content/-Derby/Blueprints/Arena/BP_bridge_spline.uasset" 6
"E:/UE_Projects/ShiftGamesDerby/Content/-Derby/Blueprints/Car/BehaviorTree/BB_Vehicle_Ally.uasset" 7
"E:/UE_Projects/ShiftGamesDerby/Content/-Derby/Blueprints/Car/BehaviorTree/PatrolQuery.uasset" 8
"E:/UE_Projects/ShiftGamesDerby/Content/-Derby/Blueprints/Car/BehaviorTree/BT_Vehicle_Ally.uasset" 9
"E:/UE_Projects/ShiftGamesDerby/Content/Vehicle/Textures/VehicleJoystick_BackgroundR.uasset" 10
"E:/UE_Projects/ShiftGamesDerby/Content/Vehicle/Textures/VehicleJoystick_BackgroundL.uasset" 11
"../../../Engine/Content/MobileResources/HUD/VirtualJoystick_Thumb.uasset" 12
"E:/UE_Projects/ShiftGamesDerby/Content/Vehicle/Sedan/SedanVirtualJoysticks.uasset" 13
"E:/UE_Projects/ShiftGamesDerby/Content/Vehicle/Sedan/Materials/M_Vehicle_Sedan.uasset" 14
"E:/UE_Projects/ShiftGamesDerby/Content/Vehicle/Sedan/Materials/M_Vehicle_Sedan_Inst_Paint.uasset" 15
"E:/UE_Projects/ShiftGamesDerby/Content/Vehicle/VehicleBP/VehicleOverview.uasset" 16
"E:/UE_Projects/ShiftGamesDerby/Content/VehicleAdv/ArenaMesh/CubeMaterial.uasset" 17
"../../../Engine/Content/EngineMaterials/Grid.uasset" 18
"E:/UE_Projects/ShiftGamesDerby/Content/VehicleAdv/Materials/MasterGrid.uasset" 19
"E:/UE_Projects/ShiftGamesDerby/Content/VehicleAdv/Materials/MaterialInstances/RedGrid.uasset" 20
"E:/UE_Projects/ShiftGamesDerby/Content/VehicleAdv/ArenaMesh/pole.uasset" 21
"E:/UE_Projects/ShiftGamesDerby/Content/VehicleAdv/Materials/MasterSolidColor.uasset" 22
"E:/UE_Projects/ShiftGamesDerby/Content/VehicleAdv/Materials/MaterialInstances/SolidOrange.uasset" 23
"E:/UE_Projects/ShiftGamesDerby/Content/VehicleAdv/ArenaMesh/RampTwist.uasset" 24
"../../../Engine/Content/EngineMaterials/T_Default_Material_Grid_N.uasset" 25
"../../../Engine/Content/EngineMaterials/T_Default_Material_Grid_M.uasset" 26
"../../../Engine/Content/Functions/Engine_MaterialFunctions01/Opacity/CameraDepthFade.uasset" 27
"../../../Engine/Content/EngineMaterials/WorldGridMaterial.uasset" 28
"E:/UE_Projects/ShiftGamesDerby/Content/VehicleAdv/ArenaMesh/RoadSegment_01.uasset" 29
"E:/UE_Projects/ShiftGamesDerby/Content/VehicleAdv/Sound/Engine_Speed_01_Loop.uasset" 30
"E:/UE_Projects/ShiftGamesDerby/Content/VehicleAdv/Sound/Engine_Speed_02_Loop.uasset" 31
"E:/UE_Projects/ShiftGamesDerby/Content/VehicleAdv/Sound/Engine_Speed_03_Loop.uasset" 32
"E:/UE_Projects/ShiftGamesDerby/Content/VehicleAdv/Sound/Engine_Speed_04_Loop.uasset" 33
"E:/UE_Projects/ShiftGamesDerby/Content/VehicleAdv/Sound/Engine_Speed_05_Loop.uasset" 34
"E:/UE_Projects/ShiftGamesDerby/Content/VehicleAdv/Sound/Engine_Speed_06_Loop.uasset" 35
"E:/UE_Projects/ShiftGamesDerby/Content/VehicleAdv/Textures/VehicleJoystick_BackgroundL.uasset" 36
"E:/UE_Projects/ShiftGamesDerby/Content/VehicleAdv/Textures/VehicleJoystick_BackgroundR.uasset" 37
"../../../Engine/Content/MobileResources/HUD/VirtualJoystick_Background.uasset" 38
"E:/UE_Projects/ShiftGamesDerby/Content/VehicleAdv/Vehicle/LeftVirtualJoystickOnly.uasset" 39
"E:/UE_Projects/ShiftGamesDerby/Content/VehicleAdv/Vehicle/VehicleBodyCollision.uasset" 40
"E:/UE_Projects/ShiftGamesDerby/Content/VehicleAdv/VehicleAdvBP/AdvancedVehicleOverview.uasset" 41
"../../../Engine/Content/EngineFonts/RobotoDistanceField.uasset" 42
"../../../Engine/Content/Functions/Engine_MaterialFunctions03/Procedurals/ComputeFilterWidth.uasset" 43
"../../../Engine/Content/EngineMaterials/AntiAliasedTextMaterialTranslucent.uasset" 44
"E:/UE_Projects/ShiftGamesDerby/Content/-Derby/Blueprints/Core/BP_Derby_DCC.uasset" 45
"E:/UE_Projects/ShiftGamesDerby/Content/-Derby/Blueprints/Core/BP_Derby_SP.uasset" 46
"E:/UE_Projects/ShiftGamesDerby/Content/VehicleAdv/Materials/Fixed_Template_Master.uasset" 47
"E:/UE_Projects/ShiftGamesDerby/Content/VehicleAdv/Materials/MaterialInstances/Template_BaseBlue.uasset" 48
"E:/UE_Projects/ShiftGamesDerby/Content/VehicleAdv/PhysicsMaterials/Slippery.uasset" 49
"E:/UE_Projects/ShiftGamesDerby/Content/VehicleAdv/Vehicle/VehiclePhysicsAsset.uasset" 50
"E:/UE_Projects/ShiftGamesDerby/Content/VehicleAdv/Vehicle/VehicleSkeleton.uasset" 51
"E:/UE_Projects/ShiftGamesDerby/Content/VehicleAdv/Vehicle/Vehicle_SkelMesh.uasset" 52
"E:/UE_Projects/ShiftGamesDerby/Content/VehicleAdv/Sound/Engine_att.uasset" 53
"E:/UE_Projects/ShiftGamesDerby/Content/VehicleAdv/Sound/Engine_Loop_Cue.uasset" 54
"E:/UE_Projects/ShiftGamesDerby/Content/VehicleAdv/PhysicsMaterials/NonSlippery.uasset" 55
"E:/UE_Projects/ShiftGamesDerby/Content/GoodParticleStatus/Sources/Textures/T_GPS_Lightning.uasset" 56
"E:/UE_Projects/ShiftGamesDerby/Content/GoodParticleStatus/Sources/Textures/T_GPS_ExclamationMark_D.uasset" 57
"E:/UE_Projects/ShiftGamesDerby/Content/GoodParticleStatus/Sources/Textures/T_GPS_Radialblur_alpha_01_A.uasset" 58
"../../../Engine/Content/Functions/Engine_MaterialFunctions01/ImageAdjustment/DeriveHDRfromLDR.uasset" 59
"E:/UE_Projects/ShiftGamesDerby/Content/GoodParticleStatus/Sources/Materials/M_GPS_HDR_Additive.uasset" 60
"E:/UE_Projects/ShiftGamesDerby/Content/GoodParticleStatus/Sources/Materials/MatInstance/MI_GPS_ExclamationMark.uasset" 61
"E:/UE_Projects/ShiftGamesDerby/Content/GoodParticleStatus/Sources/Materials/MatInstance/MI_GPS_Lightning_2x2.uasset" 62
"E:/UE_Projects/ShiftGamesDerby/Content/GoodParticleStatus/Sources/Textures/T_GPS_Chamfer_A.uasset" 63
"E:/UE_Projects/ShiftGamesDerby/Content/GoodParticleStatus/Sources/Materials/MatInstance/MI_GPS_Charmfer.uasset" 64
"E:/UE_Projects/ShiftGamesDerby/Content/GoodParticleStatus/Sources/Textures/T_GPS_Stripe.uasset" 65
"E:/UE_Projects/ShiftGamesDerby/Content/GoodParticleStatus/Sources/Textures/T_GPS_Plasma_A.uasset" 66
"E:/UE_Projects/ShiftGamesDerby/Content/GoodParticleStatus/Sources/Textures/T_GPS_MultiplyDust_02_A.uasset" 67
"E:/UE_Projects/ShiftGamesDerby/Content/GoodParticleStatus/Sources/Textures/T_GPS_Grid.uasset" 68
"E:/UE_Projects/ShiftGamesDerby/Content/GoodParticleStatus/Sources/Textures/T_GPS_BurningTex_D.uasset" 69
"E:/UE_Projects/ShiftGamesDerby/Content/GoodParticleStatus/Sources/Textures/T_GPS_Gradient_Horizon_A.uasset" 70
"E:/UE_Projects/ShiftGamesDerby/Content/GoodParticleStatus/Sources/Materials/M_GPS_HighTech.uasset" 71
"../../../Engine/Content/EngineMaterials/DefaultMaterial.uasset" 72
"E:/UE_Projects/ShiftGamesDerby/Content/GoodParticleStatus/Sources/Meshes/SM_GPS_Sphere.uasset" 73
"E:/UE_Projects/ShiftGamesDerby/Content/GoodParticleStatus/Sources/Textures/T_GPS_LensFlare_01.uasset" 74
"E:/UE_Projects/ShiftGamesDerby/Content/GoodParticleStatus/Sources/Materials/MatInstance/MI_GPS_GrossLight.uasset" 75
"../../../Engine/Content/EngineMaterials/OrientParticle.uasset" 76
"../../../Engine/Content/EngineMaterials/DefaultParticle.uasset" 77
"E:/UE_Projects/ShiftGamesDerby/Content/GoodParticleStatus/Particles/Status/Shield_Status/PS_GPS_ShieldHighTech.uasset" 78
"E:/UE_Projects/ShiftGamesDerby/Content/-Derby/Blueprints/Widgets/W_HP.uasset" 79
"E:/UE_Projects/ShiftGamesDerby/Content/-RLS/Blueprints/Damage/DamageType/Enum_DamageImpact.uasset" 80
"E:/UE_Projects/ShiftGamesDerby/Content/-RLS/Blueprints/Damage/DamageType/BP_DamageType_Base.uasset" 81
"E:/UE_Projects/ShiftGamesDerby/Content/-RLS/Blueprints/Damage/DamageType/BP_Damage_Type_Enemy.uasset" 82
"E:/UE_Projects/ShiftGamesDerby/Content/-RLS/Blueprints/Damage/DamageType/BP_Damage_Type_Ally.uasset" 83
"E:/UE_Projects/ShiftGamesDerby/Content/-RLS/Blueprints/Components/BP_VitalityComponent.uasset" 84
"E:/UE_Projects/ShiftGamesDerby/Content/VehicleAdv/Vehicle/WheelData/Vehicle_FrontTireConfig.uasset" 85
"E:/UE_Projects/ShiftGamesDerby/Content/-Derby/Blueprints/Car/WheelData/WheelFront.uasset" 86
"E:/UE_Projects/ShiftGamesDerby/Content/VehicleAdv/Vehicle/WheelData/Vehicle_BackTireConfig.uasset" 87
"E:/UE_Projects/ShiftGamesDerby/Content/-Derby/Blueprints/Car/WheelData/WheelBack.uasset" 88
"E:/UE_Projects/ShiftGamesDerby/Content/-Derby/Blueprints/Car/BP_Damage_Text.uasset" 89
"E:/UE_Projects/ShiftGamesDerby/Content/VehicleAdv/Vehicle/VehicleAnimationBlueprint.uasset" 90
"E:/UE_Projects/ShiftGamesDerby/Content/VehicleAdv/Materials/MaterialInstances/BlackGrid.uasset" 91
"E:/UE_Projects/ShiftGamesDerby/Content/-Derby/Blueprints/Core/BP_Derby_GI.uasset" 92
"E:/UE_Projects/ShiftGamesDerby/Content/-Derby/Blueprints/Core/BP_Derby_AIC.uasset" 93
"E:/UE_Projects/ShiftGamesDerby/Content/-Derby/Blueprints/Car/BP_AI_Vehicle_Enemy.uasset" 94
"E:/UE_Projects/ShiftGamesDerby/Content/-Derby/Blueprints/Car/BP_Player_Vehicle.uasset" 95
"E:/UE_Projects/ShiftGamesDerby/Content/-Derby/Blueprints/Car/BP_Vehicle.uasset" 96
"E:/UE_Projects/ShiftGamesDerby/Content/VehicleAdv/VehicleAdvBP/Blueprints/VehicleAdvHud.uasset" 97
"E:/UE_Projects/ShiftGamesDerby/Content/VehicleAdv/VehicleAdvBP/Blueprints/VehicleAdvGameMode.uasset" 98
"../../../Engine/Content/ArtTools/RenderToTexture/Meshes/S_1_Unit_Plane.uasset" 99
"../../../Engine/Content/BasicShapes/Cone.uasset" 100
"../../../Engine/Content/BasicShapes/Cube.uasset" 101
"../../../Engine/Content/BasicShapes/Plane.uasset" 102
"../../../Engine/Content/BasicShapes/Sphere.uasset" 103
"../../../Engine/Content/EditorLandscapeResources/DataLayer.uasset" 104
"../../../Engine/Content/EditorLandscapeResources/DefaultAlphaTexture.uasset" 105
"../../../Engine/Content/EditorMaterials/MAT_Groups_Toggle.uasset" 106
"../../../Engine/Content/EditorMaterials/MAT_Groups_Visibility.uasset" 107
"../../../Engine/Content/EditorMaterials/PreviewShadowIndicator.uasset" 108
"../../../Engine/Content/EditorMaterials/PreviewShadowIndicatorMaterial.uasset" 109
"../../../Engine/Content/EditorMaterials/MatineeGroups/MAT_ColorTrack.uasset" 110
"../../../Engine/Content/EditorMaterials/MatineeGroups/MAT_Groups_Anim.uasset" 111
"../../../Engine/Content/EditorMaterials/MatineeGroups/MAT_Groups_AudioMaster.uasset" 112
"../../../Engine/Content/EditorMaterials/MatineeGroups/MAT_Groups_Director.uasset" 113
"../../../Engine/Content/EditorMaterials/MatineeGroups/MAT_Groups_Event.uasset" 114
"../../../Engine/Content/EditorMaterials/MatineeGroups/MAT_Groups_Fade.uasset" 115
"../../../Engine/Content/EditorMaterials/MatineeGroups/MAT_Groups_Float.uasset" 116
"../../../Engine/Content/EditorMaterials/MatineeGroups/MAT_Groups_Move.uasset" 117
"../../../Engine/Content/EditorMaterials/MatineeGroups/MAT_Groups_Slomo.uasset" 118
"../../../Engine/Content/EditorMaterials/MatineeGroups/MAT_Groups_Sound.uasset" 119
"../../../Engine/Content/EditorMaterials/MatineeGroups/MAT_Groups_Vector.uasset" 120
"../../../Engine/Content/EditorMaterials/ParticleSystems/PSysThumbnail_NoImage.uasset" 121
"../../../Engine/Content/EditorMaterials/ParticleSystems/PSysThumbnail_OOD.uasset" 122
"../../../Engine/Content/EditorMaterials/Camera/CineMat.uasset" 123
"../../../Engine/Content/EditorMaterials/Camera/MI_CineMat_Rig.uasset" 124
"../../../Engine/Content/EditorMeshes/Camera/SM_CraneRig_Arm.uasset" 125
"../../../Engine/Content/EditorMeshes/Camera/SM_CraneRig_Base.uasset" 126
"../../../Engine/Content/EditorMeshes/Camera/SM_CraneRig_Body.uasset" 127
"../../../Engine/Content/EditorMeshes/Camera/SM_CraneRig_Mount.uasset" 128
"../../../Engine/Content/EditorMeshes/Camera/SM_RailRig_Mount.uasset" 129
"../../../Engine/Content/EditorMeshes/Camera/SM_RailRig_Track.uasset" 130
"../../../Engine/Content/EditorResources/BSPVertex.uasset" 131
"../../../Engine/Content/EditorResources/EmptyActor.uasset" 132
"../../../Engine/Content/EditorResources/S_Actor.uasset" 133
"../../../Engine/Content/EditorResources/S_Note.uasset" 134
"../../../Engine/Content/EditorResources/S_Solver.uasset" 135
"../../../Engine/Content/EditorResources/S_Terrain.uasset" 136
"../../../Engine/Content/EditorResources/S_Trigger.uasset" 137
"../../../Engine/Content/EditorResources/AudioIcons/S_AudioComponent_AutoActivate.uasset" 138
"../../../Engine/Content/EditorResources/LightIcons/S_LightError.uasset" 139
"../../../Engine/Content/EditorResources/SequenceRecorder/Countdown.uasset" 140
"../../../Engine/Content/EditorResources/SequenceRecorder/RecordingIndicator.uasset" 141
"../../../Engine/Content/EngineDamageTypes/DmgTypeBP_Environmental.uasset" 142
"../../../Engine/Content/EngineDebugMaterials/DebugEditorMaterial.uasset" 143
"../../../Engine/Content/EngineDebugMaterials/DebugMeshMaterial.uasset" 144
"../../../Engine/Content/EngineDebugMaterials/M_SimpleUnlitTranslucent.uasset" 145
"../../../Engine/Content/EngineDebugMaterials/VolumeToRender.uasset" 146
"../../../Engine/Content/Functions/Engine_MaterialFunctions02/Utility/CameraDirectionVector.uasset" 147
"../../../Engine/Content/EngineDebugMaterials/M_VolumeRenderSphereTracePP.uasset" 148
"../../../Engine/Content/Functions/Engine_MaterialFunctions01/Shading/ConvertFromDiffSpec.uasset" 149
"../../../Engine/Content/EngineDebugMaterials/VertexColorMaterial.uasset" 150
"../../../Engine/Content/EngineDebugMaterials/WireframeMaterial.uasset" 151
"../../../Engine/Content/EngineFonts/Faces/RobotoRegular.uasset" 152
"../../../Engine/Content/EngineFonts/Faces/RobotoLight.uasset" 153
"../../../Engine/Content/EngineFonts/Faces/RobotoItalic.uasset" 154
"../../../Engine/Content/EngineFonts/Faces/RobotoBoldItalic.uasset" 155
"../../../Engine/Content/EngineFonts/Faces/RobotoBold.uasset" 156
"../../../Engine/Content/EngineFonts/Faces/DroidSansFallback.uasset" 157
"../../../Engine/Content/EngineFonts/Roboto.uasset" 158
"../../../Engine/Content/EngineMaterials/BaseFlattenNormalMap.uasset" 159
"../../../Engine/Content/EngineMaterials/BaseFlattenGrayscaleMap.uasset" 160
"../../../Engine/Content/EngineMaterials/BaseFlattenEmissiveMap.uasset" 161
"../../../Engine/Content/EngineMaterials/BaseFlattenDiffuseMap.uasset" 162
"../../../Engine/Content/EngineMaterials/BaseFlattenMaterial.uasset" 163
"../../../Engine/Content/EngineMaterials/BlueNoise.uasset" 164
"../../../Engine/Content/EngineMaterials/DefaultBloomKernel.uasset" 165
"../../../Engine/Content/EngineMaterials/DefaultBokeh.uasset" 166
"../../../Engine/Content/EngineMaterials/DefaultDiffuse.uasset" 167
"../../../Engine/Content/EngineMaterials/DefaultDeferredDecalMaterial.uasset" 168
"../../../Engine/Content/EngineMaterials/DefaultLightFunctionMaterial.uasset" 169
"../../../Engine/Content/EngineMaterials/DefaultPhysicalMaterial.uasset" 170
"../../../Engine/Content/Functions/Engine_MaterialFunctions02/Utility/BreakOutFloat2Components.uasset" 171
"../../../Engine/Content/EngineMaterials/DefaultPostProcessMaterial.uasset" 172
"../../../Engine/Content/EngineMaterials/DefaultTextMaterialOpaque.uasset" 173
"../../../Engine/Content/EngineMaterials/DefaultWhiteGrid.uasset" 174
"../../../Engine/Content/EngineMaterials/DefaultWhiteGrid_Low.uasset" 175
"../../../Engine/Content/EngineMaterials/EmissiveMeshMaterial.uasset" 176
"../../../Engine/Content/EngineMaterials/GizmoMaterial.uasset" 177
"../../../Engine/Content/EngineMaterials/Good64x64TilingNoiseHighFreq.uasset" 178
"../../../Engine/Content/EngineMaterials/MiniFont.uasset" 179
"../../../Engine/Content/EngineMaterials/InvalidLightmapSettings.uasset" 180
"../../../Engine/Content/EngineMaterials/M_InvalidLightmapSettings.uasset" 181
"../../../Engine/Content/Functions/Engine_MaterialFunctions02/WorldPositionOffset/CameraOffset.uasset" 182
"../../../Engine/Content/EngineMaterials/PhAT_JointLimitMaterial.uasset" 183
"../../../Engine/Content/EngineMaterials/PreintegratedSkinBRDF.uasset" 184
"../../../Engine/Content/EngineMaterials/RemoveSurfaceMaterial.uasset" 185
"../../../Engine/Content/EngineResources/WhiteSquareTexture.uasset" 186
"../../../Engine/Content/EngineMaterials/Widget3DPassThrough.uasset" 187
"../../../Engine/Content/EngineMaterials/Widget3DPassThrough_Masked.uasset" 188
"../../../Engine/Content/EngineMaterials/Widget3DPassThrough_Opaque.uasset" 189
"../../../Engine/Content/EngineMaterials/Widget3DPassThrough_Masked_OneSided.uasset" 190
"../../../Engine/Content/EngineMaterials/Widget3DPassThrough_Opaque_OneSided.uasset" 191
"../../../Engine/Content/EngineMaterials/Widget3DPassThrough_Translucent.uasset" 192
"../../../Engine/Content/EngineMaterials/Widget3DPassThrough_Translucent_OneSided.uasset" 193
"../../../Engine/Content/EngineMeshes/Cylinder.uasset" 194
"../../../Engine/Content/EngineMeshes/Sphere.uasset" 195
"../../../Engine/Content/EngineResources/Black.uasset" 196
"../../../Engine/Content/EngineResources/DefaultTextureCube.uasset" 197
"../../../Engine/Content/EngineResources/DefaultVolumeTexture2D.uasset" 198
"../../../Engine/Content/EngineResources/DefaultVolumeTexture.uasset" 199
"../../../Engine/Content/EngineResources/GradientTexture0.uasset" 200
"../../../Engine/Content/EngineSky/VolumetricClouds/T_NoiseShape64.uasset" 201
"../../../Engine/Content/EngineSky/VolumetricClouds/T_VolumeNoiseShape64.uasset" 202
"../../../Engine/Content/EngineSky/VolumetricClouds/T_NoiseErosion.uasset" 203
"../../../Engine/Content/EngineSky/VolumetricClouds/T_VolumeNoiseErosion32.uasset" 204
"../../../Engine/Content/EngineSky/VolumetricClouds/CloudWeatherTexture.uasset" 205
"../../../Engine/Content/EngineSky/VolumetricClouds/CloudGradientTexture.uasset" 206
"../../../Engine/Content/Functions/Engine_MaterialFunctions02/Utility/MakeFloat2.uasset" 207
"../../../Engine/Content/EngineSky/VolumetricClouds/m_SimpleVolumetricCloud.uasset" 208
"../../../Engine/Content/EngineSky/VolumetricClouds/m_SimpleVolumetricCloud_Inst.uasset" 209
"../../../Engine/Content/EngineSounds/Master.uasset" 210
"../../../Engine/Content/Functions/Engine_MaterialFunctions01/Shading/PowerToRoughness.uasset" 211
"../../../Engine/Content/Maps/Templates/Thumbnails/Default.uasset" 212
"../../../Engine/Content/Maps/Templates/Thumbnails/TimeOfDay.uasset" 213
"../../../Engine/Content/Maps/Templates/Thumbnails/VR-Basic.uasset" 214
"../../../Engine/Content/MobileResources/T_MobileControls_texture.uasset" 215
"../../../Engine/Content/MobileResources/T_MobileMenu2.uasset" 216
"../../../Engine/Content/MobileResources/HUD/AnalogHat.uasset" 217
"../../../Engine/Content/MobileResources/HUD/DefaultVirtualJoysticks.uasset" 218
"../../../Engine/Content/MobileResources/HUD/LeftVirtualJoystickOnly.uasset" 219
"../../../Engine/Content/MobileResources/HUD/MobileHUDButton1_off.uasset" 220
"../../../Engine/Content/MobileResources/HUD/MobileHUDButton1_on.uasset" 221
"../../../Engine/Content/MobileResources/HUD/MobileHUDButton2_off.uasset" 222
"../../../Engine/Content/MobileResources/HUD/MobileHUDButton2_on.uasset" 223
"../../../Engine/Content/MobileResources/HUD/MobileHUDButton3.uasset" 224
"../../../Engine/Content/MobileResources/HUD/MobileHUDButtonFire.uasset" 225
"../../../Engine/Content/MobileResources/HUD/MobileHUDDirectionPad.uasset" 226
"../../../Engine/Content/MobileResources/HUD/MobileHUDDirectionPad2.uasset" 227
"../../../Engine/Content/MobileResources/HUD/MobileHUDDirectionPad3.uasset" 228
"../../../Engine/Content/MobileResources/HUD/MobileHUDDirectionStick.uasset" 229
"../../../Engine/Content/MobileResources/HUD/T_Castle_ThumbstickInner.uasset" 230
"../../../Engine/Content/MobileResources/HUD/T_Castle_ThumbstickOutter.uasset" 231
"../../../Engine/Content/Tutorial/ContentIntroCurve.uasset" 232
"../../../Engine/Content/Tutorial/Basics/LevelEditorAttract.uasset" 233
"../../../Engine/Content/Tutorial/Basics/TutorialAssets/icon_tab_Levels_40x.uasset" 234
"../../../Engine/Content/Tutorial/Basics/LevelEditorOverview.uasset" 235
"../../../Engine/Content/Tutorial/BlueprintTutorials/TutorialAssets/Blueprint_64x.uasset" 236
"../../../Engine/Content/Tutorial/BlueprintTutorials/BlueprintEditorTutorial.uasset" 237
"../../../Engine/Content/Tutorial/Code/AddingCode.uasset" 238
"../../../Engine/Content/VREditor/TransformGizmo/TranslucentTransformGizmoMaterial.uasset" 239
"../../../Engine/Content/VREditor/LaserPointer/VR_LaserPower_01.uasset" 240
"../../../Engine/Content/VREditor/TransformGizmo/TransformGizmoMaterial.uasset" 241
"../../../Engine/Content/VREditor/TransformGizmo/BoundingBoxCorner.uasset" 242
"../../../Engine/Content/VREditor/TransformGizmo/BoundingBoxEdge.uasset" 243
"../../../Engine/Content/VREditor/TransformGizmo/PlaneTranslationHandle.uasset" 244
"../../../Engine/Content/VREditor/TransformGizmo/Xray.uasset" 245
"../../../Engine/Content/VREditor/TransformGizmo/Main.uasset" 246
"../../../Engine/Content/VREditor/TransformGizmo/SM_Sequencer_Key.uasset" 247
"../../../Engine/Content/VREditor/TransformGizmo/SM_Sequencer_Node.uasset" 248
"../../Plugins/2D/Paper2D/Content/PlaceholderTextures/DummySpriteTexture.uasset" 249
"../../Plugins/2D/Paper2D/Content/DummySprite.uasset" 250
"../../Plugins/2D/Paper2D/Content/DefaultPaperTerrainMaterial.uasset" 251
"../../Plugins/2D/Paper2D/Content/DefaultSpriteMaterial.uasset" 252
"../../Plugins/2D/Paper2D/Content/MaskedUnlitSpriteMaterial.uasset" 253
"../../Plugins/2D/Paper2D/Content/OpaqueUnlitSpriteMaterial.uasset" 254
"../../../Engine/Content/Functions/Engine_MaterialFunctions02/ObjectLocalBounds.uasset" 255
"../../../Engine/Content/Functions/Engine_MaterialFunctions02/Utility/BreakOutFloat3Components.uasset" 256
"../../Plugins/Editor/SpeedTreeImporter/Content/SpeedTree9/UnpackInteger3.uasset" 257
"../../Plugins/Editor/SpeedTreeImporter/Content/SpeedTree9/UnpackDirection.uasset" 258
"../../Plugins/Editor/SpeedTreeImporter/Content/SpeedTree9/game_wind_noise.uasset" 259
"../../../Engine/Content/Functions/Engine_MaterialFunctions02/SafeNormalize.uasset" 260
"../../Plugins/Editor/SpeedTreeImporter/Content/SpeedTree9/SpeedTreeWindMotion.uasset" 261
"../../Plugins/Editor/SpeedTreeImporter/Content/SpeedTree9/SpeedTreeBranchMotion.uasset" 262
"../../../Engine/Content/Functions/Engine_MaterialFunctions02/UVs/BoundingBoxBased_0-1_UVW.uasset" 263
"../../Plugins/Editor/SpeedTreeImporter/Content/SpeedTree9/SpeedTreeWind.uasset" 264
"../../Plugins/Editor/SpeedTreeImporter/Content/SpeedTree9/SpeedTreeBillboard.uasset" 265
"../../../Engine/Content/EngineResources/DefaultTexture.uasset" 266
"../../Plugins/Editor/SpeedTreeImporter/Content/SpeedTree9/SpeedTreeBillboardMaster.uasset" 267
"../../Plugins/Editor/SpeedTreeImporter/Content/SpeedTree9/SpeedTreeCameraFacing.uasset" 268
"../../Plugins/Editor/SpeedTreeImporter/Content/SpeedTree9/SpeedTreeMaster.uasset" 269
"../../../Engine/Content/ArtTools/RenderToTexture/Materials/Debug/M_Emissive_Color.uasset" 270
"../../../Engine/Content/BasicShapes/Cylinder.uasset" 271
"../../Plugins/Lumin/MagicLeapPassableWorld/Content/MagicLeapARPinInfoActor.uasset" 272
"../../../Engine/Content/Functions/Engine_MaterialFunctions02/Utility/BreakOutFloat4Components.uasset" 273
"../../../Engine/Content/Functions/Engine_MaterialFunctions02/Utility/MakeFloat3.uasset" 274
"../../Plugins/Runtime/Oculus/OculusVR/Content/Materials/OculusMR_ChromaKey.uasset" 275
"../../Plugins/Runtime/Oculus/OculusVR/Content/Materials/OculusMR_OpaqueColoredMaterial.uasset" 276
"../../Plugins/Runtime/Oculus/OculusVR/Content/Materials/PokeAHoleMaterial.uasset" 277
"E:/UE_Projects/ShiftGamesDerby/Content/-Derby/Meshes/SM_fence_06.uasset" 278
"E:/UE_Projects/ShiftGamesDerby/Content/-Derby/Materials/MI_wooden_board_B_Inst.uasset" 279
"E:/UE_Projects/ShiftGamesDerby/Content/-Derby/Materials/MI_wall_blocks_Inst.uasset" 280
"E:/UE_Projects/ShiftGamesDerby/Content/-Derby/Materials/MI_stone_props_01_Inst.uasset" 281
"E:/UE_Projects/ShiftGamesDerby/Content/-Derby/Materials/MI_building_border_A_Inst.uasset" 282
"E:/UE_Projects/ShiftGamesDerby/Content/-Derby/Blueprints/Arena/BP_wall_spline.uasset" 283
"E:/UE_Projects/ShiftGamesDerby/Content/VehicleAdv/Materials/MaterialInstances/SolidRed.uasset" 284
"E:/UE_Projects/ShiftGamesDerby/Content/-Derby/Blueprints/Car/BP_AI_Vehicle_Ally.uasset" 285
"E:/UE_Projects/ShiftGamesDerby/Content/Geometry/Meshes/CubeMaterial.uasset" 286
"E:/UE_Projects/ShiftGamesDerby/Content/Geometry/Meshes/1M_Cube_Chamfer.uasset" 287
"E:/UE_Projects/ShiftGamesDerby/Content/GoodParticleStatus/Sources/Meshes/SM_GPS_Spirals.uasset" 288
"E:/UE_Projects/ShiftGamesDerby/Content/GoodParticleStatus/Sources/Meshes/SM_GPS_Cylinder.uasset" 289
"E:/UE_Projects/ShiftGamesDerby/Content/GoodParticleStatus/Sources/Textures/T_GPS_Seq_Smoke_01_A.uasset" 290
"E:/UE_Projects/ShiftGamesDerby/Content/GoodParticleStatus/Sources/Textures/T_GPS_Cloud_Noise_01_A.uasset" 291
"E:/UE_Projects/ShiftGamesDerby/Content/GoodParticleStatus/Sources/Materials/M_GPS_ColorAndAlpha_DepthFade_Trans.uasset" 292
"E:/UE_Projects/ShiftGamesDerby/Content/GoodParticleStatus/Sources/Materials/MatInstance/MI_GPS_Seq_Flame.uasset" 293
"E:/UE_Projects/ShiftGamesDerby/Content/GoodParticleStatus/Sources/Textures/T_GPS_VolumGra001.uasset" 294
"E:/UE_Projects/ShiftGamesDerby/Content/GoodParticleStatus/Sources/Textures/T_GPS_BlueTex_01_D.uasset" 295
"../../../Engine/Content/Functions/Engine_MaterialFunctions01/Gradient/LinearGradient.uasset" 296
"E:/UE_Projects/ShiftGamesDerby/Content/GoodParticleStatus/Sources/Textures/T_GPS_Plasma_Blue_D.uasset" 297
"E:/UE_Projects/ShiftGamesDerby/Content/GoodParticleStatus/Sources/Materials/MatFunction/MF_GPS_FadeBasedOnViewAngle.uasset" 298
"E:/UE_Projects/ShiftGamesDerby/Content/GoodParticleStatus/Sources/Materials/M_GPS_Volume_Sparks.uasset" 299
"E:/UE_Projects/ShiftGamesDerby/Content/GoodParticleStatus/Sources/Materials/M_GPS_Volume_Beam_Light.uasset" 300
"E:/UE_Projects/ShiftGamesDerby/Content/GoodParticleStatus/Sources/Textures/T_GPS_Waterwave_N.uasset" 301
"E:/UE_Projects/ShiftGamesDerby/Content/GoodParticleStatus/Sources/Textures/T_GPS_Swirly_Noise.uasset" 302
"E:/UE_Projects/ShiftGamesDerby/Content/GoodParticleStatus/Sources/Textures/T_GPS_Flame_02.uasset" 303
"E:/UE_Projects/ShiftGamesDerby/Content/GoodParticleStatus/Sources/Textures/T_GPS_Cloud_Noise_02_A.uasset" 304
"E:/UE_Projects/ShiftGamesDerby/Content/GoodParticleStatus/Sources/Materials/MatFunction/MF_GPS_DistortionUV.uasset" 305
"E:/UE_Projects/ShiftGamesDerby/Content/GoodParticleStatus/Sources/Materials/M_GPS_Plasma_Smoke_02.uasset" 306
"E:/UE_Projects/ShiftGamesDerby/Content/GoodParticleStatus/Sources/Textures/T_GPS_Noise_Smooth_A.uasset" 307
"E:/UE_Projects/ShiftGamesDerby/Content/GoodParticleStatus/Sources/Materials/M_GPS_Plasma_Blue.uasset" 308
"E:/UE_Projects/ShiftGamesDerby/Content/GoodParticleStatus/Sources/Materials/M_GPS_Gradient_Horizon.uasset" 309
"../../../Engine/Content/Functions/Engine_MaterialFunctions01/Density/ExponentialDensity.uasset" 310
"../../../Engine/Content/Functions/Engine_MaterialFunctions01/Gradient/RadialGradientExponential.uasset" 311
"E:/UE_Projects/ShiftGamesDerby/Content/GoodParticleStatus/Sources/Materials/M_GPS_DustGlow.uasset" 312
"E:/UE_Projects/ShiftGamesDerby/Content/GoodParticleStatus/Sources/Textures/T_GPS_Gradient_A.uasset" 313
"E:/UE_Projects/ShiftGamesDerby/Content/GoodParticleStatus/Sources/Textures/T_GPS_Erode_A.uasset" 314
"E:/UE_Projects/ShiftGamesDerby/Content/GoodParticleStatus/Sources/Materials/M_GPS_Chrome_Sphere.uasset" 315
"E:/UE_Projects/ShiftGamesDerby/Content/GoodParticleStatus/Particles/Buff_Status/PS_GPS_Buff_PowerUp.uasset" 316
"E:/UE_Projects/ShiftGamesDerby/Content/-Derby/Blueprints/Arena/BP_Trap.uasset" 317
"E:/UE_Projects/ShiftGamesDerby/Content/-Derby/Blueprints/Arena/BP_Booster.uasset" 318
"E:/UE_Projects/ShiftGamesDerby/Content/-Derby/Blueprints/Arena/BP_SpawnZone.uasset" 319
"E:/UE_Projects/ShiftGamesDerby/Content/-Derby/Blueprints/Widgets/W_Pause_Menu.uasset" 320
"E:/UE_Projects/ShiftGamesDerby/Content/-Derby/Blueprints/Widgets/W_End_Game.uasset" 321
"E:/UE_Projects/ShiftGamesDerby/Content/-Derby/Blueprints/Core/BP_Derby_PC.uasset" 322
"E:/UE_Projects/ShiftGamesDerby/Content/-Derby/Blueprints/Core/BP_Derby_GM.uasset" 323
"../../../Engine/Content/EngineSky/T_Sky_Blue.uasset" 324
"../../../Engine/Content/EngineSky/T_Sky_Clouds_M.uasset" 325
"../../../Engine/Content/EngineSky/T_Sky_Stars.uasset" 326
"../../../Engine/Content/EngineSky/M_Sky_Panning_Clouds2.uasset" 327
"../../../Engine/Content/EngineSky/SM_SkySphere.uasset" 328
"../../../Engine/Content/EngineSky/C_Sky_Zenith_Color.uasset" 329
"../../../Engine/Content/EngineSky/C_Sky_Horizon_Color.uasset" 330
"../../../Engine/Content/EngineSky/C_Sky_Cloud_Color.uasset" 331
"../../../Engine/Content/EngineSky/BP_Sky_Sphere.uasset" 332
"E:/UE_Projects/ShiftGamesDerby/Content/-Derby/Maps/Arena_BuiltData.uasset" 333
"../../../Engine/Content/MapTemplates/SM_Template_Map_Floor.uasset" 334
"E:/UE_Projects/ShiftGamesDerby/Content/-Derby/Maps/Arena.umap" 335
"E:/UE_Projects/ShiftGamesDerby/Content/Vehicle/Meshes/BaseMaterial.uasset" 336
"E:/UE_Projects/ShiftGamesDerby/Content/Vehicle/Meshes/WhiteMaterial.uasset" 337
"E:/UE_Projects/ShiftGamesDerby/Content/Vehicle/Meshes/RoughTerrain_StaticMesh.uasset" 338
"E:/UE_Projects/ShiftGamesDerby/Content/Vehicle/Meshes/OrangeMaterial.uasset" 339
"E:/UE_Projects/ShiftGamesDerby/Content/Vehicle/Meshes/GrayMaterial.uasset" 340
"E:/UE_Projects/ShiftGamesDerby/Content/Geometry/Meshes/1M_Cube.uasset" 341
"E:/UE_Projects/ShiftGamesDerby/Content/Vehicle/VehicleBP/Maps/VehicleExampleMap_BuiltData.uasset" 342
"E:/UE_Projects/ShiftGamesDerby/Content/Vehicle/Sedan/Sedan_PhysMat.uasset" 343
"E:/UE_Projects/ShiftGamesDerby/Content/Vehicle/Sedan/Materials/M_Vehicle_Sedan_Inst_TailLights.uasset" 344
"E:/UE_Projects/ShiftGamesDerby/Content/Vehicle/Sedan/Materials/M_Vehicle_Sedan_Inst_Plastic.uasset" 345
"E:/UE_Projects/ShiftGamesDerby/Content/Vehicle/Sedan/Materials/M_Vehicle_Sedan_Inst_Headlights.uasset" 346
"E:/UE_Projects/ShiftGamesDerby/Content/Vehicle/Sedan/Materials/M_Vehicle_Sedan_Inst_Glass.uasset" 347
"E:/UE_Projects/ShiftGamesDerby/Content/Vehicle/Sedan/Sedan_PhysicsAsset.uasset" 348
"E:/UE_Projects/ShiftGamesDerby/Content/Vehicle/Sedan/Sedan_Skeleton.uasset" 349
"E:/UE_Projects/ShiftGamesDerby/Content/Vehicle/Sedan/Materials/M_Vehicle_Sedan_Inst_Wheels.uasset" 350
"E:/UE_Projects/ShiftGamesDerby/Content/Vehicle/Sedan/Materials/M_Vehicle_Sedan_Inst_Tires.uasset" 351
"E:/UE_Projects/ShiftGamesDerby/Content/Vehicle/Sedan/Sedan_SkelMesh.uasset" 352
"E:/UE_Projects/ShiftGamesDerby/Content/Vehicle/Sedan/Sedan_AnimBP.uasset" 353
"E:/UE_Projects/ShiftGamesDerby/Content/Vehicle/VehicleBP/Sedan/Sedan_FrontWheel.uasset" 354
"E:/UE_Projects/ShiftGamesDerby/Content/Vehicle/VehicleBP/Sedan/Sedan_BackWheel.uasset" 355
"E:/UE_Projects/ShiftGamesDerby/Content/Vehicle/VehicleBP/Blueprints/VehicleHUD.uasset" 356
"E:/UE_Projects/ShiftGamesDerby/Content/Vehicle/VehicleBP/Sedan/Sedan.uasset" 357
"E:/UE_Projects/ShiftGamesDerby/Content/Vehicle/VehicleBP/Blueprints/VehicleGameMode.uasset" 358
"E:/UE_Projects/ShiftGamesDerby/Content/Vehicle/VehicleBP/Maps/VehicleExampleMap.umap" 359
"../../../Engine/Content/EngineMaterials/WeightMapPlaceholderTexture.uasset" 360
"E:/UE_Projects/ShiftGamesDerby/Content/VehicleAdv/VehicleAdvBP/Maps/VehicleAdvExampleMap_BuiltData.uasset" 361
"E:/UE_Projects/ShiftGamesDerby/Content/VehicleAdv/VehicleAdvBP/Maps/LayerInfo/Track_LayerInfo.uasset" 362
"E:/UE_Projects/ShiftGamesDerby/Content/VehicleAdv/VehicleAdvBP/Maps/LayerInfo/Desert_LayerInfo.uasset" 363
"E:/UE_Projects/ShiftGamesDerby/Content/VehicleAdv/Materials/Landscape.uasset" 364
"E:/UE_Projects/ShiftGamesDerby/Content/VehicleAdv/Materials/MaterialInstances/LandscapeNoHole.uasset" 365
"E:/UE_Projects/ShiftGamesDerby/Content/VehicleAdv/ArenaMesh/Turn_90Large.uasset" 366
"E:/UE_Projects/ShiftGamesDerby/Content/VehicleAdv/ArenaMesh/Turn_90.uasset" 367
"E:/UE_Projects/ShiftGamesDerby/Content/VehicleAdv/ArenaMesh/Turn_45.uasset" 368
"E:/UE_Projects/ShiftGamesDerby/Content/VehicleAdv/ArenaMesh/turn_22andhalf.uasset" 369
"E:/UE_Projects/ShiftGamesDerby/Content/VehicleAdv/ArenaMesh/StraightQuarter.uasset" 370
"E:/UE_Projects/ShiftGamesDerby/Content/VehicleAdv/ArenaMesh/StraightHalf.uasset" 371
"E:/UE_Projects/ShiftGamesDerby/Content/VehicleAdv/ArenaMesh/StraightFull.uasset" 372
"E:/UE_Projects/ShiftGamesDerby/Content/VehicleAdv/ArenaMesh/RampLarge.uasset" 373
"E:/UE_Projects/ShiftGamesDerby/Content/VehicleAdv/ArenaMesh/LoopSmall.uasset" 374
"E:/UE_Projects/ShiftGamesDerby/Content/VehicleAdv/ArenaMesh/LoopBig.uasset" 375
"E:/UE_Projects/ShiftGamesDerby/Content/VehicleAdv/ArenaMesh/BumpWedge.uasset" 376
"E:/UE_Projects/ShiftGamesDerby/Content/VehicleAdv/ArenaMesh/BumpWaveSmall.uasset" 377
"E:/UE_Projects/ShiftGamesDerby/Content/VehicleAdv/ArenaMesh/BumpWave.uasset" 378
"E:/UE_Projects/ShiftGamesDerby/Content/VehicleAdv/VehicleAdvBP/Maps/VehicleAdvExampleMap.umap" 379
"../../../Engine/Content/Maps/Entry_BuiltData.uasset" 380
"../../../Engine/Content/Maps/Entry.umap" 381
